0 info it worked if it ends with ok
1 verbose cli [ '/usr/local/bin/node',
1 verbose cli   '/Users/xu/.npm-packages/bin/npm',
1 verbose cli   'start' ]
2 info using npm@4.0.2
3 info using node@v6.2.1
4 verbose run-script [ 'prestart', 'start', 'poststart' ]
5 info lifecycle wewriter@1.0.0~prestart: wewriter@1.0.0
6 silly lifecycle wewriter@1.0.0~prestart: no script for prestart, continuing
7 info lifecycle wewriter@1.0.0~start: wewriter@1.0.0
8 verbose lifecycle wewriter@1.0.0~start: unsafe-perm in lifecycle true
9 verbose lifecycle wewriter@1.0.0~start: PATH: /Users/xu/.npm-packages/lib/node_modules/npm/bin/node-gyp-bin:/Users/xu/app/WebstormProjects/wewriter/node_modules/.bin:/Users/xu/.npm-packages/bin:/usr/local/bin:/usr/bin:/bin:/usr/sbin:/sbin:/Applications/Android Studio.app/Contents/gradle/gradle-2.14.1/bin:/Users/xu/Library/Android/sdk/platform-tools:/Users/xu/Library/Android/sdk/tools:/Users/xu/app/mongodb/bin
10 verbose lifecycle wewriter@1.0.0~start: CWD: /Users/xu/app/WebstormProjects/wewriter
11 silly lifecycle wewriter@1.0.0~start: Args: [ '-c', 'node app' ]
12 silly lifecycle wewriter@1.0.0~start: Returned: code: 1  signal: null
13 info lifecycle wewriter@1.0.0~start: Failed to exec start script
14 verbose stack Error: wewriter@1.0.0 start: `node app`
14 verbose stack Exit status 1
14 verbose stack     at EventEmitter.<anonymous> (/Users/xu/.npm-packages/lib/node_modules/npm/lib/utils/lifecycle.js:279:16)
14 verbose stack     at emitTwo (events.js:106:13)
14 verbose stack     at EventEmitter.emit (events.js:191:7)
14 verbose stack     at ChildProcess.<anonymous> (/Users/xu/.npm-packages/lib/node_modules/npm/lib/utils/spawn.js:40:14)
14 verbose stack     at emitTwo (events.js:106:13)
14 verbose stack     at ChildProcess.emit (events.js:191:7)
14 verbose stack     at maybeClose (internal/child_process.js:852:16)
14 verbose stack     at Process.ChildProcess._handle.onexit (internal/child_process.js:215:5)
15 verbose pkgid wewriter@1.0.0
16 verbose cwd /Users/xu/app/WebstormProjects/wewriter
17 error Darwin 15.6.0
18 error argv "/usr/local/bin/node" "/Users/xu/.npm-packages/bin/npm" "start"
19 error node v6.2.1
20 error npm  v4.0.2
21 error code ELIFECYCLE
22 error wewriter@1.0.0 start: `node app`
22 error Exit status 1
23 error Failed at the wewriter@1.0.0 start script 'node app'.
23 error Make sure you have the latest version of node.js and npm installed.
23 error If you do, this is most likely a problem with the wewriter package,
23 error not with npm itself.
23 error Tell the author that this fails on your system:
23 error     node app
23 error You can get information on how to open an issue for this project with:
23 error     npm bugs wewriter
23 error Or if that isn't available, you can get their info via:
23 error     npm owner ls wewriter
23 error There is likely additional logging output above.
24 verbose exit [ 1, true ]
